<?xml version="1.0" encoding="UTF-8"?>
<testsuite xmlns:xsi="http://www.w3.org/2001/XMLSchema-instance" xsi:noNamespaceSchemaLocation="https://maven.apache.org/surefire/maven-surefire-plugin/xsd/surefire-test-report-3.0.xsd" version="3.0" name="org.example.AppTest" time="0.023" tests="1" errors="0" skipped="0" failures="0">
  <properties>
    <property name="java.specification.version" value="20"/>
    <property name="sun.jnu.encoding" value="UTF-8"/>
    <property name="java.class.path" value="/Users/ethan/Desktop/System_Sumulation_Homeworks/HW2_Atomic_Model_Coffee_Machine_Java/Atomic_Model_Coffee_Machine_Java/target/test-classes:/Users/ethan/Desktop/System_Sumulation_Homeworks/HW2_Atomic_Model_Coffee_Machine_Java/Atomic_Model_Coffee_Machine_Java/target/classes:/Users/ethan/.m2/repository/junit/junit/3.8.1/junit-3.8.1.jar:"/>
    <property name="java.vm.vendor" value="Homebrew"/>
    <property name="sun.arch.data.model" value="64"/>
    <property name="java.vendor.url" value="https://github.com/Homebrew/homebrew-core/issues"/>
    <property name="os.name" value="Mac OS X"/>
    <property name="java.vm.specification.version" value="20"/>
    <property name="sun.java.launcher" value="SUN_STANDARD"/>
    <property name="user.country" value="US"/>
    <property name="sun.boot.library.path" value="/usr/local/Cellar/openjdk/20/libexec/openjdk.jdk/Contents/Home/lib"/>
    <property name="sun.java.command" value="/Users/ethan/Desktop/System_Sumulation_Homeworks/HW2_Atomic_Model_Coffee_Machine_Java/Atomic_Model_Coffee_Machine_Java/target/surefire/surefirebooter-20231008164930484_3.jar /Users/ethan/Desktop/System_Sumulation_Homeworks/HW2_Atomic_Model_Coffee_Machine_Java/Atomic_Model_Coffee_Machine_Java/target/surefire 2023-10-08T16-49-30_369-jvmRun1 surefire-20231008164930484_1tmp surefire_0-20231008164930484_2tmp"/>
    <property name="http.nonProxyHosts" value="local|*.local|169.254/16|*.169.254/16"/>
    <property name="jdk.debug" value="release"/>
    <property name="surefire.test.class.path" value="/Users/ethan/Desktop/System_Sumulation_Homeworks/HW2_Atomic_Model_Coffee_Machine_Java/Atomic_Model_Coffee_Machine_Java/target/test-classes:/Users/ethan/Desktop/System_Sumulation_Homeworks/HW2_Atomic_Model_Coffee_Machine_Java/Atomic_Model_Coffee_Machine_Java/target/classes:/Users/ethan/.m2/repository/junit/junit/3.8.1/junit-3.8.1.jar:"/>
    <property name="sun.cpu.endian" value="little"/>
    <property name="user.home" value="/Users/ethan"/>
    <property name="user.language" value="en"/>
    <property name="java.specification.vendor" value="Oracle Corporation"/>
    <property name="java.version.date" value="2023-03-21"/>
    <property name="java.home" value="/usr/local/Cellar/openjdk/20/libexec/openjdk.jdk/Contents/Home"/>
    <property name="file.separator" value="/"/>
    <property name="basedir" value="/Users/ethan/Desktop/System_Sumulation_Homeworks/HW2_Atomic_Model_Coffee_Machine_Java/Atomic_Model_Coffee_Machine_Java"/>
    <property name="java.vm.compressedOopsMode" value="Zero based"/>
    <property name="line.separator" value="&#10;"/>
    <property name="java.vm.specification.vendor" value="Oracle Corporation"/>
    <property name="java.specification.name" value="Java Platform API Specification"/>
    <property name="apple.awt.application.name" value="ForkedBooter"/>
    <property name="surefire.real.class.path" value="/Users/ethan/Desktop/System_Sumulation_Homeworks/HW2_Atomic_Model_Coffee_Machine_Java/Atomic_Model_Coffee_Machine_Java/target/surefire/surefirebooter-20231008164930484_3.jar"/>
    <property name="sun.management.compiler" value="HotSpot 64-Bit Tiered Compilers"/>
    <property name="ftp.nonProxyHosts" value="local|*.local|169.254/16|*.169.254/16"/>
    <property name="java.runtime.version" value="20"/>
    <property name="user.name" value="ethan"/>
    <property name="stdout.encoding" value="UTF-8"/>
    <property name="path.separator" value=":"/>
    <property name="os.version" value="13.3.1"/>
    <property name="java.runtime.name" value="OpenJDK Runtime Environment"/>
    <property name="file.encoding" value="UTF-8"/>
    <property name="java.vm.name" value="OpenJDK 64-Bit Server VM"/>
    <property name="java.vendor.version" value="Homebrew"/>
    <property name="localRepository" value="/Users/ethan/.m2/repository"/>
    <property name="java.vendor.url.bug" value="https://github.com/Homebrew/homebrew-core/issues"/>
    <property name="java.io.tmpdir" value="/var/folders/dc/dfwy7mcn1t11yyp5lvpvkx2h0000gn/T/"/>
    <property name="java.version" value="20"/>
    <property name="user.dir" value="/Users/ethan/Desktop/System_Sumulation_Homeworks/HW2_Atomic_Model_Coffee_Machine_Java/Atomic_Model_Coffee_Machine_Java"/>
    <property name="os.arch" value="x86_64"/>
    <property name="java.vm.specification.name" value="Java Virtual Machine Specification"/>
    <property name="native.encoding" value="UTF-8"/>
    <property name="java.library.path" value="/Users/ethan/Library/Java/Extensions:/Library/Java/Extensions:/Network/Library/Java/Extensions:/System/Library/Java/Extensions:/usr/lib/java:."/>
    <property name="java.vm.info" value="mixed mode, sharing"/>
    <property name="stderr.encoding" value="UTF-8"/>
    <property name="java.vendor" value="Homebrew"/>
    <property name="java.vm.version" value="20"/>
    <property name="sun.io.unicode.encoding" value="UnicodeBig"/>
    <property name="socksNonProxyHosts" value="local|*.local|169.254/16|*.169.254/16"/>
    <property name="java.class.version" value="64.0"/>
  </properties>
  <testcase name="testApp" classname="org.example.AppTest" time="0.004"/>
</testsuite>